SURF96 R C T   0      4.0000     3.1177     0.0000
SURF96 R C T   0      6.0000     3.1177     0.0000
SURF96 R C T   0      8.0000     3.1190     0.0000
SURF96 R C T   0     10.0000     3.1249     0.0000
SURF96 R C T   0     12.0000     3.1379     0.0000
SURF96 R C T   0     14.0000     3.1593     0.0000
SURF96 R C T   0     16.0000     3.1894     0.0000
SURF96 R C T   0     20.0000     3.2723     0.0000
SURF96 R C T   0     25.0000     3.3994     0.0000
SURF96 R C T   0     30.0000     3.5239     0.0000
SURF96 R C T   0     35.0000     3.6276     0.0000
SURF96 R C T   0     40.0000     3.7071     0.0000
SURF96 R C T   0     45.0000     3.7663     0.0000
SURF96 R C T   0     50.0000     3.8107     0.0000
SURF96 R C T   0     59.0000     3.8673     0.0000
SURF96 R C T   0     67.0000     3.9036     0.0000
SURF96 R C T   0     77.0000     3.9410     0.0000
SURF96 R C T   0     87.0000     3.9763     0.0000
SURF96 R C T   0    100.0000     4.0268     0.0000
SURF96 R C T   0    111.0000     4.0786     0.0000
SURF96 R C T   0    125.0000     4.1631     0.0000
SURF96 R C T   0    143.0000     4.3157     0.0000
SURF96 R C T   0    167.0000     4.6331     0.0000
