  -5.00000000       3.29202157E-05
  -4.90000010      -2.19463618E-05
  -4.80000019      -6.32265437E-05
  -4.69999981      -8.90918454E-05
  -4.59999990      -1.01119804E-04
  -4.50000000      -1.02745689E-04
  -4.40000010      -9.75509465E-05
  -4.30000019      -8.83440953E-05
  -4.19999981      -7.69876351E-05
  -4.09999990      -6.47048000E-05
  -4.00000000      -5.23423660E-05
  -3.90000010      -4.05861647E-05
  -3.79999995      -3.00195825E-05
  -3.69999981      -2.10999860E-05
  -3.59999990      -1.41123746E-05
  -3.50000000      -9.14980774E-06
  -3.40000010      -6.14738383E-06
  -3.29999995      -4.88980731E-06
  -3.19999981      -5.08647645E-06
  -3.09999990      -6.41070073E-06
  -3.00000000      -8.52436642E-06
  -2.89999986      -1.11437112E-05
  -2.79999995      -1.40353222E-05
  -2.70000005      -1.70248677E-05
  -2.59999990      -1.99922943E-05
  -2.50000000      -2.29213038E-05
  -2.39999986      -2.57740612E-05
  -2.29999995      -2.85115675E-05
  -2.20000005      -3.11090844E-05
  -2.09999990      -3.35302320E-05
  -2.00000000      -3.57659883E-05
  -1.89999986      -3.77882679E-05
  -1.79999995      -3.96155519E-05
  -1.70000005      -4.12262307E-05
  -1.59999990      -4.25165490E-05
  -1.50000000      -4.26899351E-05
  -1.39999986      -3.75484888E-05
  -1.29999995      -8.09349785E-06
  -1.20000005       1.20892910E-04
  -1.09999990       6.08023896E-04
  -1.00000000       2.22185464E-03
 -0.900000095       6.92204339E-03
 -0.799999714       1.89445931E-02
 -0.699999809       4.58857603E-02
 -0.599999905       9.85654294E-02
 -0.500000000      0.187876105    
 -0.400000095      0.317743957    
 -0.299999714      0.476496071    
 -0.199999809      0.632712126    
  -9.99999046E-02  0.741933227    
   0.00000000      0.764579892    
   9.99999046E-02  0.686193109    
  0.200000286      0.526854813    
  0.300000191      0.332685858    
  0.400000095      0.154523641    
  0.500000000       2.70036329E-02
  0.599999905      -4.08633240E-02
  0.700000286      -6.16410710E-02
  0.800000191      -5.78992739E-02
  0.900000095      -5.07831350E-02
   1.00000000      -5.30266017E-02
   1.09999990      -6.67092055E-02
   1.20000029      -8.44849795E-02
   1.30000019      -9.35318992E-02
   1.40000010      -8.17109793E-02
   1.50000000      -4.40992229E-02
   1.59999990       1.34080518E-02
   1.70000029       7.59451091E-02
   1.80000019      0.126249254    
   1.90000010      0.152139902    
   2.00000000      0.150786087    
   2.09999990      0.128120348    
   2.20000029       9.47520733E-02
   2.30000019       6.11927547E-02
   2.40000010       3.47130336E-02
   2.50000000       1.85663439E-02
   2.59999990       1.28345769E-02
   2.70000029       1.56222209E-02
   2.80000019       2.38411911E-02
   2.90000010       3.37176807E-02
   3.00000000       4.15443107E-02
   3.10000038       4.47998270E-02
   3.19999981       4.30866517E-02
   3.30000019       3.81728634E-02
   3.40000057       3.29942331E-02
   3.50000000       3.02301683E-02
   3.60000038       3.12911347E-02
   3.69999981       3.60979363E-02
   3.80000019       4.34228405E-02
   3.90000057       5.13882264E-02
   4.00000000       5.80009744E-02
   4.10000038       6.18386343E-02
   4.19999981       6.27867058E-02
   4.30000019       6.22499064E-02
   4.40000057       6.22061938E-02
   4.50000000       6.32906109E-02
   4.60000038       6.33232370E-02
   4.69999981       5.80651984E-02
   4.80000019       4.45728041E-02
   4.90000057       2.50304397E-02
   5.00000000       7.63334148E-03
   5.10000038       2.76407832E-03
   5.19999981       1.64963473E-02
   5.30000019       4.60894108E-02
   5.40000057       8.09695423E-02
   5.50000000      0.108556114    
   5.60000038      0.120811127    
   5.69999981      0.117438585    
   5.80000019      0.104683347    
   5.90000057       9.16496813E-02
   6.00000000       8.66636261E-02
   6.10000038       9.47860628E-02
   6.19999981      0.116203442    
   6.30000019      0.145265758    
   6.40000057      0.170911700    
   6.50000000      0.179551914    
   6.60000038      0.160300672    
   6.69999981      0.110498108    
   6.80000019       3.84351797E-02
   6.90000057      -3.88029814E-02
   7.00000000     -0.101839945    
   7.10000038     -0.136739969    
   7.19999981     -0.140036464    
   7.30000019     -0.118701518    
   7.40000057      -8.56564343E-02
   7.50000000      -5.37323654E-02
   7.60000038      -3.11926119E-02
   7.69999981      -2.02869847E-02
   7.80000019      -1.83837283E-02
   7.90000057      -2.03238521E-02
   8.00000000      -2.08490752E-02
   8.10000038      -1.65058263E-02
   8.19999981      -6.72333594E-03
   8.30000019       6.17045816E-03
   8.40000057       1.80522446E-02
   8.50000000       2.48542707E-02
   8.60000038       2.43593454E-02
   8.69999981       1.70873888E-02
   8.80000019       5.89076849E-03
   8.90000057      -5.41681191E-03
   9.00000000      -1.36108529E-02
   9.10000038      -1.70608126E-02
   9.19999981      -1.59175117E-02
   9.30000019      -1.16741955E-02
   9.40000057      -6.46802224E-03
   9.50000000      -2.37477222E-03
   9.60000038      -7.74871092E-04
   9.69999981      -1.84395676E-03
   9.80000019      -4.33897832E-03
   9.90000057      -5.91203477E-03
   10.0000000      -4.02093306E-03
   10.1000004       2.84251058E-03
   10.1999998       1.41870212E-02
   10.3000002       2.74023693E-02
   10.4000006       3.86841297E-02
   10.5000000       4.46099192E-02
   10.6000004       4.35649045E-02
   10.6999998       3.63036469E-02
   10.8000002       2.54659466E-02
   10.9000006       1.44239869E-02
   11.0000000       6.04766048E-03
   11.1000004       1.82829855E-03
   11.2000008       1.56404905E-03
   11.3000011       3.65822366E-03
   11.3999996       5.94692398E-03
   11.5000000       6.75918441E-03
   11.6000004       5.72240213E-03
   11.7000008       3.87597131E-03
   11.8000011       3.00966948E-03
   11.8999996       4.58635809E-03
   12.0000000       8.83508939E-03
   12.1000004       1.44813173E-02
   12.2000008       1.92350596E-02
   12.3000011       2.08023284E-02
   12.3999996       1.79606620E-02
   12.5000000       1.11914566E-02
   12.6000004       2.51982175E-03
   12.7000008      -5.42983506E-03
   12.8000011      -1.07338801E-02
   12.8999996      -1.31634548E-02
   13.0000000      -1.43346488E-02
   13.1000004      -1.68928113E-02
   13.2000008      -2.30851769E-02
   13.3000011      -3.33891734E-02
   13.3999996      -4.58870605E-02
   13.5000000      -5.67702502E-02
   13.6000004      -6.18135594E-02
   13.7000008      -5.81450760E-02
   13.8000011      -4.54750620E-02
   13.8999996      -2.62530893E-02
   14.0000000      -4.77536162E-03
   14.1000004       1.42938877E-02
   14.2000008       2.73826569E-02
   14.3000011       3.29574049E-02
   14.3999996       3.16879600E-02
   14.5000000       2.58439574E-02
   14.6000004       1.82174034E-02
   14.7000008       1.10446587E-02
   14.8000011       5.37003158E-03
   14.8999996       1.05024804E-03
   15.0000000      -2.72272364E-03
   15.1000004      -6.72229007E-03
   15.2000008      -1.11560542E-02
   15.3000011      -1.54640572E-02
   15.3999996      -1.83892716E-02
   15.5000000      -1.81727502E-02
   15.6000004      -1.28088128E-02
   15.7000008      -4.46983613E-04
   15.8000011       1.99305750E-02
   15.8999996       4.76214737E-02
   16.0000000       7.95390904E-02
   16.1000004      0.110433206    
   16.2000008      0.134361029    
   16.3000011      0.146941394    
   16.3999996      0.147158682    
   16.5000000      0.137555301    
   16.6000004      0.122675069    
   16.7000008      0.106793828    
   16.8000011       9.23229605E-02
   16.8999996       7.96077549E-02
   17.0000000       6.78359568E-02
   17.1000004       5.62104136E-02
   17.2000008       4.46595438E-02
   17.3000011       3.38470563E-02
   17.3999996       2.46877968E-02
   17.5000000       1.77731942E-02
   17.6000004       1.30527113E-02
   17.7000008       9.89904813E-03
   17.8000011       7.43500981E-03
   17.8999996       4.87743504E-03
   18.0000000       1.73068582E-03
   18.1000004      -2.15659617E-03
   18.2000008      -6.56614080E-03
   18.3000011      -1.08899958E-02
   18.3999996      -1.42180007E-02
   18.5000000      -1.56305879E-02
   18.6000004      -1.46297589E-02
   18.7000008      -1.14727868E-02
   18.8000011      -7.17228279E-03
   18.8999996      -3.11092217E-03
   19.0000000      -4.52679524E-04
   19.1000004       3.44527507E-04
   19.2000008      -3.35421792E-04
   19.3000011      -1.54468347E-03
   19.3999996      -2.30915286E-03
   19.5000000      -2.13884586E-03
   19.6000004      -1.24492554E-03
   19.7000008      -3.63441941E-04
   19.8000011      -3.04097630E-04
   19.8999996      -1.47938158E-03
   20.0000000      -3.65493377E-03
   20.1000004      -6.03485480E-03
   20.2000008      -7.65096163E-03
   20.3000011      -7.91932922E-03
   20.3999996      -7.14985840E-03
   20.5000000      -6.73998520E-03
   20.6000004      -8.81564338E-03
   20.7000008      -1.52933113E-02
   20.8000011      -2.67089009E-02
   20.8999996      -4.14693914E-02
   21.0000000      -5.61226085E-02
   21.1000004      -6.67006895E-02
   21.2000008      -7.04770684E-02
   21.3000011      -6.71303347E-02
   21.3999996      -5.86576760E-02
   21.5000000      -4.81856540E-02
   21.6000004      -3.84742208E-02
   21.7000008      -3.09485905E-02
   21.8000011      -2.56018862E-02
   21.8999996      -2.15439089E-02
   22.0000000      -1.77188888E-02
   22.1000004      -1.34257153E-02
   22.2000008      -8.52890406E-03
   22.3000011      -3.42400745E-03
   22.3999996       1.14424154E-03
   22.5000000       4.34403587E-03
   22.6000004       5.54435002E-03
   22.7000008       4.55416786E-03
   22.8000011       1.72775181E-03
   22.8999996      -2.11668340E-03
   23.0000000      -5.94785064E-03
   23.1000004      -8.85383319E-03
   23.2000008      -1.03308531E-02
   23.3000011      -1.04158698E-02
   23.3999996      -9.61146876E-03
   23.5000000      -8.63766484E-03
   23.6000004      -8.12063832E-03
   23.7000008      -8.35431926E-03
   23.8000011      -9.23207775E-03
   23.8999996      -1.03608873E-02
   24.0000000      -1.12855900E-02
   24.1000004      -1.17082428E-02
   24.2000008      -1.16045587E-02
   24.3000011      -1.11992918E-02
   24.3999996      -1.08318292E-02
   24.5000000      -1.07874144E-02
   24.6000004      -1.11715309E-02
   24.7000008      -1.18703488E-02
   24.8000011      -1.25940777E-02
   24.8999996      -1.29705742E-02
   25.0000000      -1.26560610E-02
   25.1000004      -1.14455801E-02
   25.2000008      -9.37072653E-03
   25.3000011      -6.75450079E-03
   25.3999996      -4.17345483E-03
   25.5000000      -2.29293969E-03
   25.6000004      -1.60708860E-03
   25.7000008      -2.19888124E-03
   25.8000011      -3.66605353E-03
   25.8999996      -5.29023400E-03
   26.0000000      -6.38355408E-03
   26.1000004      -6.62417384E-03
   26.2000008      -6.18740451E-03
   26.3000011      -5.60312066E-03
   26.3999996      -5.43613872E-03
   26.5000000      -5.97899593E-03
   26.6000004      -7.11525418E-03
   26.7000008      -8.39873590E-03
   26.8000011      -9.28533357E-03
   26.8999996      -9.40326322E-03
   27.0000000      -8.75244010E-03
   27.1000023      -7.75251957E-03
   27.2000008      -7.09871855E-03
   27.2999992      -7.44666532E-03
   27.4000015      -9.03636683E-03
   27.5000000      -1.14403572E-02
   27.6000023      -1.36100575E-02
   27.7000008      -1.42635312E-02
   27.7999992      -1.24624837E-02
   27.9000015      -8.09086300E-03
   28.0000000      -1.97380735E-03
   28.1000023       4.43841144E-03
   28.2000008       9.66188684E-03
   28.2999992       1.27457920E-02
   28.4000015       1.35499984E-02
   28.5000000       1.26466732E-02
   28.6000023       1.09576713E-02
   28.7000008       9.33994260E-03
   28.7999992       8.29791278E-03
   28.9000015       7.89398979E-03
   29.0000000       7.83107150E-03
   29.1000023       7.63910869E-03
   29.2000008       6.89563621E-03
   29.2999992       5.41432947E-03
   29.4000015       3.33796116E-03
   29.5000000       1.09282089E-03
   29.6000023      -7.86281889E-04
   29.7000008      -1.88570074E-03
   29.7999992      -2.08793883E-03
   29.9000015      -1.60747324E-03
   30.0000000      -8.76436126E-04
   30.1000023      -3.44597327E-04
   30.2000008      -2.92690238E-04
   30.2999992      -7.38035422E-04
   30.4000015      -1.45774987E-03
   30.5000000      -2.10095779E-03
   30.6000023      -2.33200844E-03
   30.7000008      -1.94757292E-03
   30.7999992      -9.31745220E-04
   30.9000015       5.56910061E-04
   31.0000000       2.24792119E-03
   31.1000023       3.84091726E-03
   31.2000008       5.08141005E-03
   31.2999992       5.81730995E-03
   31.4000015       6.03116537E-03
   31.5000000       5.84058231E-03
   31.6000023       5.45522477E-03
   31.7000008       5.09019941E-03
   31.7999992       4.86214971E-03
   31.9000015       4.71743383E-03
   32.0000000       4.43882868E-03
   32.1000023       3.74332885E-03
   32.2000008       2.43545021E-03
   32.2999992       5.44411130E-04
   32.4000015      -1.62944885E-03
   32.5000000      -3.59517150E-03
   32.6000023      -4.85180365E-03
   32.7000008      -5.08713722E-03
   32.7999992      -4.30040574E-03
   32.9000015      -2.79311440E-03
   33.0000000      -1.03791780E-03
   33.1000023       5.09395904E-04
   33.2000008       1.57050695E-03
   33.2999992       2.11374136E-03
   33.4000015       2.31259177E-03
   33.5000000       2.42279749E-03
   33.6000023       2.63994979E-03
   33.7000008       3.00525595E-03
   33.7999992       3.40301776E-03
   33.9000015       3.64857935E-03
   34.0000000       3.61921266E-03
   34.1000023       3.35532916E-03
   34.2000008       3.07129812E-03
   34.2999992       3.06113390E-03
   34.4000015       3.54300626E-03
   34.5000000       4.52499185E-03
   34.6000023       5.76847605E-03
   34.7000008       6.87465072E-03
   34.7999992       7.45264161E-03
   34.9000015       7.28458865E-03
   35.0000000       6.40855730E-03
   35.1000023       5.08758705E-03
   35.2000008       3.69087514E-03
   35.2999992       2.54928484E-03
   35.4000015       1.84783188E-03
   35.5000000       1.59056764E-03
   35.6000023       1.63774367E-03
   35.7000008       1.78872864E-03
   35.7999992       1.87381112E-03
   35.9000015       1.82168582E-03
   36.0000000       1.68045447E-03
   36.1000023       1.58571627E-03
   36.2000008       1.68818678E-03
   36.2999992       2.07070354E-03
   36.4000015       2.69193342E-03
   36.5000000       3.38431401E-03
   36.6000023       3.90889542E-03
   36.7000008       4.04263940E-03
   36.7999992       3.65947722E-03
   36.9000015       2.77254288E-03
   37.0000000       1.52528391E-03
   37.1000023       1.40471020E-04
   37.2000008      -1.15093519E-03
   37.2999992      -2.17627292E-03
   37.4000015      -2.86140898E-03
   37.5000000      -3.23216384E-03
   37.6000023      -3.37921595E-03
   37.7000008      -3.40445177E-03
   37.7999992      -3.37456469E-03
   37.9000015      -3.30089638E-03
   38.0000000      -3.14937625E-03
   38.1000023      -2.87078205E-03
   38.2000008      -2.43626023E-03
   38.2999992      -1.86438183E-03
   38.4000015      -1.22877362E-03
   38.5000000      -6.41398598E-04
   38.6000023      -2.14374377E-04
   38.7000008      -1.40319753E-05
   38.7999992      -2.53639882E-05
   38.9000015      -1.41823402E-04
   39.0000000      -1.86178659E-04
   39.1000023       4.08128108E-05
   39.2000008       6.94230199E-04
   39.2999992       1.81893189E-03
   39.4000015       3.30854650E-03
   39.5000000       4.91453568E-03
   39.6000023       6.31434144E-03
   39.7000008       7.21921679E-03
   39.7999992       7.47728068E-03
   39.9000015       7.12436251E-03
   40.0000000       6.35931268E-03
   40.1000023       5.45737427E-03
   40.2000008       4.66336356E-03
   40.2999992       4.11170023E-03
   40.4000015       3.80317401E-03
   40.5000000       3.64043983E-03
   40.6000023       3.49876238E-03
   40.7000008       3.29619623E-03
   40.7999992       3.03136860E-03
   40.9000015       2.77477968E-03
   41.0000000       2.62207072E-03
   41.1000023       2.63497490E-03
   41.2000008       2.80034123E-03
   41.2999992       3.02871107E-03
   41.4000015       3.19590676E-03
   41.5000000       3.21243377E-03
   41.6000023       3.09417024E-03
   41.7000008       3.01055145E-03
   41.7999992       3.29981674E-03
   41.9000015       4.45344253E-03
   42.0000000       7.06651155E-03
   42.1000023       1.17262872E-02
   42.2000008       1.88000239E-02
   42.2999992       2.81344689E-02
   42.4000015       3.87975387E-02
   42.5000000       4.90847044E-02
   42.6000023       5.69469631E-02
   42.7000008       6.07464276E-02
   42.7999992       5.99774346E-02
   42.9000015       5.55412322E-02
   43.0000000       4.94010188E-02
   43.1000023       4.37908918E-02
   43.2000008       4.03593928E-02
   43.2999992       3.96047905E-02
   43.4000015       4.07942794E-02
   43.5000000       4.23677340E-02
   43.6000023       4.26507182E-02
   43.7000008       4.05704416E-02
   43.7999992       3.60549092E-02
   43.9000015       2.99513713E-02
   44.0000000       2.35558450E-02
   44.1000023       1.80345960E-02
   44.2000008       1.40232593E-02
   44.2999992       1.15384776E-02
   44.4000015       1.01555195E-02
   44.5000000       9.30197723E-03
   44.6000023       8.51754658E-03
   44.7000008       7.59270415E-03
   44.7999992       6.57231594E-03
   44.9000015       5.66062005E-03
   45.0000000       5.08552184E-03
   45.1000023       4.97973012E-03
   45.2000008       5.31925121E-03
   45.2999992       5.93194738E-03
   45.4000015       6.55994704E-03
   45.5000000       6.94266288E-03
   45.6000023       6.88976375E-03
   45.7000008       6.32878020E-03
   45.7999992       5.32590225E-03
   45.9000015       4.08029370E-03
   46.0000000       2.88570044E-03
   46.1000023       2.05343240E-03
   46.2000008       1.80905918E-03
   46.2999992       2.20371084E-03
   46.4000015       3.09076579E-03
   46.5000000       4.19055158E-03
   46.6000023       5.21289231E-03
   46.7000008       5.97174978E-03
   46.7999992       6.43529557E-03
   46.9000015       6.69635832E-03
   47.0000000       6.88792905E-03
   47.1000023       7.08848936E-03
   47.2000008       7.26473611E-03
   47.2999992       7.28780124E-03
   47.4000015       7.02416152E-03
   47.5000000       6.45251758E-03
   47.6000023       5.72946388E-03
   47.7000008       5.15545765E-03
   47.7999992       5.06377546E-03
   47.9000015       5.70760481E-03
   48.0000000       7.20524648E-03
   48.1000023       9.53975786E-03
   48.2000008       1.25652738E-02
   48.2999992       1.59942396E-02
   48.4000015       1.93994809E-02
   48.5000000       2.22886074E-02
   48.6000023       2.42554918E-02
   48.7000008       2.51284335E-02
   48.7999992       2.50056498E-02
   48.9000015       2.41386741E-02
   49.0000000       2.27391571E-02
   49.1000023       2.08463613E-02
   49.2000008       1.83491372E-02
   49.2999992       1.51454024E-02
   49.4000015       1.13285650E-02
   49.5000000       7.27542304E-03
   49.6000023       3.57281137E-03
   49.7000008       8.14044324E-04
   49.7999992      -6.34858734E-04
   49.9000015      -7.86285906E-04
   50.0000000      -2.95145946E-05
   50.1000023       1.02254632E-03
   50.2000008       1.77406531E-03
   50.2999992       1.87935715E-03
   50.4000015       1.38031505E-03
   50.5000000       6.96257688E-04
   50.6000023       4.64905810E-04
   50.7000008       1.28574774E-03
   50.7999992       3.45854671E-03
   50.9000015       6.82378607E-03
   51.0000000       1.07820779E-02
   51.1000023       1.44953579E-02
   51.2000008       1.71844587E-02
   51.2999992       1.83864739E-02
   51.4000015       1.80614870E-02
   51.5000000       1.65245347E-02
   51.6000023       1.42698847E-02
   51.7000008       1.17887696E-02
   51.7999992       9.45267454E-03
   51.9000015       7.47843180E-03
   52.0000000       5.94951864E-03
   52.1000023       4.85773850E-03
   52.2000008       4.14121989E-03
   52.2999992       3.71230999E-03
   52.4000015       3.48082464E-03
   52.5000000       3.38016101E-03
   52.6000023       3.39725241E-03
   52.7000008       3.59765207E-03
   52.7999992       4.13012318E-03
   52.9000015       5.19426912E-03
   53.0000000       6.96392823E-03
   53.1000023       9.48124938E-03
   53.2000008       1.25658643E-02
   53.2999992       1.58007797E-02
   53.4000015       1.86333228E-02
   53.5000000       2.05639284E-02
   53.6000023       2.13277787E-02
   53.7000008       2.09652707E-02
   53.7999992       1.97467115E-02
   53.9000015       1.80132333E-02
   54.0000000       1.60418842E-02
   54.1000023       1.40044540E-02
   54.2000008       1.20090079E-02
   54.2999992       1.01608541E-02
   54.4000015       8.58839788E-03
   54.5000000       7.42332172E-03
   54.6000023       6.75836578E-03
   54.7000008       6.60931226E-03
   54.7999992       6.89515797E-03
   54.9000015       7.44156493E-03
   55.0000000       8.01187102E-03
   55.1000023       8.36469140E-03
   55.2000008       8.32284335E-03
   55.2999992       7.82507472E-03
   55.4000015       6.93437643E-03
   55.5000000       5.79744950E-03
   55.6000023       4.57587279E-03
   55.7000008       3.38463159E-03
   55.7999992       2.26799771E-03
   55.9000015       1.21988205E-03
   56.0000000       2.29301513E-04
   56.1000023      -6.81575912E-04
   56.2000008      -1.45132141E-03
   56.2999992      -2.00620736E-03
   56.4000015      -2.30043754E-03
   56.5000000      -2.34390632E-03
   56.6000023      -2.20164680E-03
   56.7000008      -1.96596584E-03
   56.7999992      -1.71598699E-03
   56.9000015      -1.48457184E-03
   57.0000000      -1.24826352E-03
   57.1000023      -9.41592269E-04
   57.2000008      -4.81274590E-04
   57.2999992       2.24825795E-04
   57.4000015       1.30583637E-03
   57.5000000       2.99639511E-03
   57.6000023       5.71598718E-03
   57.7000008       1.00891003E-02
   57.7999992       1.68162286E-02
   57.9000015       2.63520051E-02
   58.0000000       3.84767875E-02
   58.1000023       5.19980304E-02
   58.2000008       6.48480505E-02
   58.2999992       7.46628866E-02
   58.4000015       7.96164647E-02
   58.5000000       7.90780932E-02
   58.6000023       7.37440288E-02
   58.7000008       6.52156323E-02
   58.7999992       5.53117469E-02
   58.9000015       4.54903841E-02
   59.0000000       3.66019234E-02
   59.0999985       2.89604161E-02
   59.2000046       2.25738343E-02
   59.3000031       1.73687115E-02
   59.4000015       1.33225229E-02
   59.5000000       1.04928305E-02
   59.5999985       8.96802731E-03
   59.7000046       8.77280720E-03
   59.8000031       9.76880640E-03
   59.9000015       1.16004348E-02
   60.0000000       1.37277925E-02
   60.0999985       1.55509654E-02
   60.2000046       1.65791679E-02
   60.3000031       1.65680498E-02
   60.4000015       1.55629348E-02
   60.5000000       1.38357282E-02
   60.5999985       1.17570646E-02
   60.7000046       9.66950506E-03
   60.8000031       7.81158684E-03
   60.9000015       6.30202610E-03
   61.0000000       5.15940366E-03
   61.0999985       4.32638265E-03
   61.2000046       3.68701154E-03
   61.3000031       3.08929360E-03
   61.4000015       2.38947105E-03
   61.5000000       1.51600863E-03
   61.5999985       5.23905503E-04
   61.7000046      -3.99994169E-04
   61.8000031      -9.99206793E-04
   61.9000015      -1.05178356E-03
   62.0000000      -4.55536501E-04
   62.0999985       7.61808536E-04
   62.2000046       2.51450110E-03
   62.3000031       4.75800317E-03
   62.4000015       7.53325643E-03
   62.5000000       1.09052332E-02
   62.5999985       1.48193277E-02
   62.7000046       1.89680755E-02
   62.8000031       2.27735098E-02
   62.9000015       2.55305916E-02
   63.0000000       2.66573597E-02
   63.0999985       2.59242617E-02
   63.2000046       2.35415846E-02
   63.3000031       2.00650431E-02
   63.4000015       1.61801502E-02
   63.5000000       1.24798175E-02
   63.5999985       9.33127385E-03
   63.7000046       6.86254073E-03
   63.8000031       5.03470236E-03
   63.9000015       3.74036422E-03
   64.0000000       2.88288202E-03
   64.0999985       2.42154999E-03
   64.2000046       2.38637510E-03
   64.3000031       2.86461669E-03
   64.4000015       3.95332975E-03
   64.5000000       5.67617826E-03
   64.5999985       7.88802840E-03
   64.7000046       1.02202985E-02
   64.8000031       1.21237338E-02
   64.9000015       1.30249551E-02
   65.0000000       1.25444047E-02
   65.0999985       1.06720086E-02
   65.2000046       7.80376513E-03
   65.3000031       4.61010262E-03
   65.4000015       1.79401413E-03
   65.5000000      -1.49322295E-04
   65.5999985      -1.06894504E-03
   65.7000046      -1.14771083E-03
   65.8000031      -7.72978179E-04
   65.9000015      -3.59136437E-04
   66.0000000      -1.94984241E-04
   66.0999985      -3.62889026E-04
   66.2000046      -7.43117533E-04
   66.3000031      -1.08869351E-03
   66.4000015      -1.13517314E-03
   66.5000000      -6.97620912E-04
   66.5999985       2.88686948E-04
   66.7000046       1.79796387E-03
   66.8000031       3.78231658E-03
   66.9000015       6.21535443E-03
   67.0000000       9.06165503E-03
   67.0999985       1.21835973E-02
   67.2000046       1.52600165E-02
   67.3000031       1.78004541E-02
   67.4000015       1.92777291E-02
   67.5000000       1.93166267E-02
   67.5999985       1.78356655E-02
   67.7000046       1.50723197E-02
   67.8000031       1.14949588E-02
   67.9000015       7.65960012E-03
   68.0000000       4.07571672E-03
   68.0999985       1.11813482E-03
   68.2000046      -1.00822409E-03
   68.3000031      -2.26039416E-03
   68.4000015      -2.72084633E-03
   68.5000000      -2.54742289E-03
   68.5999985      -1.92298612E-03
   68.7000046      -1.01454859E-03
   68.8000031       5.33831371E-05
   68.9000015       1.20918197E-03
   69.0000000       2.42744293E-03
   69.0999985       3.70600377E-03
   69.2000046       5.03169466E-03
   69.3000031       6.34641387E-03
   69.4000015       7.53007364E-03
   69.5000000       8.41533393E-03
   69.5999985       8.83729011E-03
   69.7000046       8.70162528E-03
   69.8000031       8.03859718E-03
   69.9000015       7.00993557E-03
   70.0000000       5.85815310E-03
   70.0999985       4.81984299E-03
   70.2000046       4.04508598E-03
   70.3000031       3.55979474E-03
   70.4000015       3.28308949E-03
   70.5000000       3.08501860E-03
   70.5999985       2.85608741E-03
   70.7000046       2.56046839E-03
   70.8000031       2.25444371E-03
   70.9000015       2.06520967E-03
   71.0000000       2.13996531E-03
   71.0999985       2.58455751E-03
   71.2000046       3.41261085E-03
   71.3000031       4.51992173E-03
   71.4000015       5.69249131E-03
   71.5000000       6.65143970E-03
   71.5999985       7.13019725E-03
   71.7000046       6.96366094E-03
   71.8000031       6.15369529E-03
   71.9000015       4.87675332E-03
   72.0000000       3.42451618E-03
   72.0999985       2.10354500E-03
   72.2000046       1.13985606E-03
   72.3000031       6.26564666E-04
   72.4000015       5.26021933E-04
   72.5000000       7.12822366E-04
   72.5999985       1.03307492E-03
   72.7000046       1.35751022E-03
   72.8000031       1.61373336E-03
   72.9000015       1.79107755E-03
   73.0000000       1.92051358E-03
   73.0999985       2.04126607E-03
   73.2000046       2.17209267E-03
   73.3000031       2.30185152E-03
   73.4000015       2.40207580E-03
   73.5000000       2.45022587E-03
   73.5999985       2.44672690E-03
   73.7000046       2.41555972E-03
   73.8000031       2.39101658E-03
   73.9000015       2.40197405E-03
   74.0000000       2.46350444E-03
   74.0999985       2.57787248E-03
   74.2000046       2.74030841E-03
   74.3000031       2.94399704E-03
   74.4000015       3.18203587E-03
   74.5000000       3.44726769E-03
   74.5999985       3.73144285E-03
   74.7000046       4.02397104E-03
   74.8000031       4.31054970E-03
   74.9000015       4.57279058E-03
   75.0000000       4.79104649E-03
   75.0999985       4.95188311E-03
   75.2000046       5.05913422E-03
   75.3000031       5.14454395E-03
   75.4000015       5.27114840E-03
   75.5000000       5.52195078E-03
   75.5999985       5.96984848E-03
   75.7000046       6.63447240E-03
   75.8000031       7.44419172E-03
   75.9000015       8.22853763E-03
   76.0000000       8.75715539E-03
   76.0999985       8.81713908E-03
   76.2000046       8.29595979E-03
   76.3000031       7.23008625E-03
   76.4000015       5.79712074E-03
   76.5000000       4.25837422E-03
   76.5999985       2.88034906E-03
   76.7000046       1.86641584E-03
   76.8000031       1.31764659E-03
   76.9000015       1.22649316E-03
   77.0000000       1.49698299E-03
   77.0999985       1.98218506E-03
   77.2000046       2.52864743E-03
   77.3000031       3.01705115E-03
   77.4000015       3.38777783E-03
   77.5000000       3.64281284E-03
   77.5999985       3.82380793E-03
   77.7000046       3.97615181E-03
   77.8000031       4.11591073E-03
   77.9000015       4.21507377E-03
   78.0000000       4.21203952E-03
   78.0999985       4.04246850E-03
   78.2000046       3.67626315E-03
   78.3000031       3.14308377E-03
   78.4000015       2.53298646E-03
   78.5000000       1.96917634E-03
   78.5999985       1.56203844E-03
   78.7000046       1.36267580E-03
   78.8000031       1.33588235E-03
   78.9000015       1.36614311E-03
   79.0000000       1.29790849E-03
   79.0999985       9.97613068E-04
   79.2000046       4.13951639E-04
   79.3000031      -3.88742134E-04
   79.4000015      -1.23934925E-03
   79.5000000      -1.90763595E-03
   79.5999985      -2.17014179E-03
   79.7000046      -1.86834938E-03
   79.8000031      -9.42286453E-04
   79.9000015       5.61466790E-04
   80.0000000       2.49845930E-03
   80.0999985       4.64484328E-03
   80.2000046       6.72715250E-03
   80.3000031       8.46775342E-03
   80.4000015       9.64175258E-03
   80.5000000       1.01276953E-02
   80.5999985       9.93052404E-03
   80.7000046       9.16660670E-03
   80.8000031       8.02017376E-03
   80.9000015       6.69265073E-03
   81.0000000       5.36398077E-03
   81.0999985       4.17231675E-03
   81.2000046       3.20796110E-03
   81.3000031       2.51427665E-03
   81.4000015       2.09175958E-03
   81.5000000       1.90510706E-03
   81.5999985       1.89408637E-03
   81.7000046       1.98751641E-03
   81.8000031       2.11830274E-03
   81.9000015       2.23675626E-03
   82.0000000       2.31912034E-03
   82.0999985       2.36826041E-03
   82.2000046       2.40513100E-03
   82.3000031       2.45341100E-03
   82.4000015       2.52365507E-03
   82.5000000       2.60451855E-03
   82.5999985       2.66578328E-03
   82.7000046       2.67194095E-03
   82.8000031       2.60026171E-03
   82.9000015       2.45490251E-03
   83.0000000       2.26994115E-03
   83.0999985       2.09834729E-03
   83.2000046       1.99003634E-03
   83.3000031       1.96811790E-03
   83.4000015       2.01490847E-03
   83.5000000       2.07603769E-03
   83.5999985       2.08268687E-03
   83.7000046       1.98302115E-03
   83.8000031       1.76914502E-03
   83.9000015       1.48879364E-03
   84.0000000       1.23771012E-03
   84.0999985       1.13579247E-03
   84.2000046       1.29306864E-03
   84.3000031       1.77278602E-03
   84.4000015       2.56074779E-03
   84.5000000       3.55313416E-03
   84.5999985       4.57440084E-03
   84.7000046       5.42634400E-03
   84.8000031       5.95235918E-03
   84.9000015       6.08868431E-03
   85.0000000       5.87815046E-03
   85.0999985       5.44174481E-03
   85.2000046       4.92470060E-03
   85.3000031       4.44353139E-03
   85.4000015       4.05426556E-03
   85.5000000       3.74924345E-03
   85.5999985       3.47843580E-03
   85.7000046       3.18493973E-03
   85.8000031       2.84078950E-03
   85.9000015       2.46809050E-03
   86.0000000       2.13523116E-03
   86.0999985       1.92887802E-03
   86.2000046       1.91551680E-03
   86.3000031       2.11202516E-03
   86.4000015       2.47914460E-03
   86.5000000       2.93806847E-03
   86.5999985       3.39855789E-03
   86.7000046       3.78421182E-03
   86.8000031       4.04597074E-03
   86.9000015       4.16356651E-03
   87.0000000       4.13928553E-03
   87.0999985       3.98897380E-03
   87.2000046       3.73325450E-03
   87.3000031       3.39140068E-03
   87.4000015       2.97993305E-03
   87.5000000       2.51658075E-03
   87.5999985       2.02666945E-03
   87.7000046       1.54636125E-03
   87.8000031       1.11867546E-03
   87.9000015       7.83882220E-04
   88.0000000       5.70510048E-04
   88.0999985       4.92906256E-04
   88.2000046       5.56178216E-04
   88.3000031       7.64680153E-04
   88.4000015       1.12865830E-03
   88.5000000       1.66556216E-03
   88.5999985       2.39362731E-03
   88.7000046       3.31655960E-03
   88.8000031       4.40206192E-03
   88.9000015       5.56429382E-03
   89.0000000       6.66472688E-03
   89.0999985       7.54004344E-03
   89.2000046       8.05012509E-03
   89.3000031       8.12479388E-03
   89.4000015       7.78650446E-03
   89.5000000       7.13884179E-03
   89.5999985       6.32802071E-03
   89.7000046       5.49547281E-03
   89.8000031       4.74002305E-03
   89.9000015       4.10108408E-03
   90.0000000       3.56584205E-03
   90.0999985       3.09419632E-03
   90.2000046       2.65004067E-03
   90.3000031       2.22579017E-03
   90.4000015       1.85115403E-03
   90.5000000       1.58463977E-03
   90.5999985       1.49376341E-03
   90.7000046       1.63318648E-03
   90.8000031       2.02818378E-03
   90.9000015       2.66578281E-03
   91.0000000       3.49196023E-03
   91.0999985       4.41389484E-03
   91.2000046       5.30980155E-03
   91.3000031       6.05014106E-03
   91.4000015       6.52879477E-03
   91.5000000       6.69355039E-03
   91.5999985       6.56094402E-03
   91.7000046       6.20624144E-03
   91.8000031       5.73258149E-03
   91.9000015       5.23455627E-03
   92.0000000       4.77303378E-03
   92.0999985       4.37028613E-03
   92.2000046       4.02326044E-03
   92.3000031       3.72477924E-03
   92.4000015       3.48051265E-03
   92.5000000       3.31381802E-03
   92.5999985       3.25819012E-03
   92.7000046       3.34401429E-03
   92.8000031       3.58806131E-03
   92.9000015       3.98978544E-03
   93.0000000       4.53145523E-03
   93.0999985       5.17684314E-03
   93.2000046       5.86692616E-03
   93.3000031       6.51906477E-03
   93.4000015       7.03755859E-03
   93.5000000       7.33721908E-03
   93.5999985       7.37001887E-03
   93.7000046       7.14000221E-03
   93.8000031       6.69761188E-03
   93.9000015       6.11751433E-03
   94.0000000       5.47342747E-03
   94.0999985       4.82269283E-03
   94.2000046       4.20436729E-03
   94.3000031       3.64513835E-03
   94.4000015       3.16443038E-03
   94.5000000       2.77444441E-03
   94.5999985       2.47748988E-03
   94.7000046       2.26601749E-03
   94.8000031       2.12780759E-03
   94.9000015       2.05380656E-03
   95.0000000       2.04296922E-03
   95.0999985       2.10031308E-03
   95.2000046       2.22868938E-03
   95.3000031       2.41877395E-03
   95.4000015       2.64283223E-03
   95.5000000       2.85607483E-03
   95.5999985       3.00620194E-03
   95.7000046       3.04817175E-03
   95.8000031       2.95933941E-03
   95.9000015       2.74956506E-03
   96.0000000       2.46207323E-03
   96.0999985       2.16333312E-03
   96.2000046       1.92359532E-03
   96.3000031       1.79415976E-03
   96.4000015       1.79036730E-03
   96.5000000       1.88817387E-03
   96.5999985       2.03628046E-03
   96.7000046       2.17820005E-03
   96.8000031       2.27456656E-03
   96.9000015       2.31748587E-03
   97.0000000       2.33426597E-03
   97.0999985       2.38211337E-03
   97.2000046       2.53601559E-03
   97.3000031       2.87013827E-03
   97.4000015       3.43271112E-03
   97.5000000       4.21882793E-03
   97.5999985       5.15224412E-03
   97.7000046       6.09001843E-03
   97.8000031       6.85647829E-03
   97.9000015       7.29698967E-03
   98.0000000       7.32848886E-03
   98.0999985       6.96291868E-03
   98.2000046       6.29397016E-03
   98.3000031       5.45691000E-03
   98.4000015       4.58292942E-03
   98.5000000       3.76773393E-03
   98.5999985       3.06263077E-03
   98.7000046       2.48422427E-03
   98.8000031       2.03190511E-03
   98.9000015       1.70263369E-03
   99.0000000       1.49742293E-03
   99.0999985       1.41981768E-03
   99.2000046       1.47005776E-03
   99.3000031       1.63923192E-03
   99.4000015       1.90549670E-03
   99.5000000       2.23330525E-03
   99.5999985       2.57582963E-03
   99.7000046       2.88126175E-03
   99.8000031       3.10212490E-03
   99.9000015       3.20559973E-03
   100.000000       3.18149594E-03
   100.099998       3.04544810E-03
   100.200005       2.83650565E-03
   100.300003       2.60966830E-03
   100.400002       2.42439425E-03
   100.500000       2.33076257E-03
   100.599998       2.35617184E-03
   100.700005       2.49675475E-03
   100.800003       2.71742279E-03
   100.900002       2.96193431E-03
   101.000000       3.17024486E-03
   101.099998       3.29763512E-03
   101.200005       3.32938298E-03
   101.300003       3.28738987E-03
   101.400002       3.22769512E-03
   101.500000       3.23011889E-03
   101.599998       3.38120270E-03
   101.700005       3.75175988E-03
   101.800003       4.37226519E-03
   101.900002       5.21307345E-03
   102.000000       6.17926754E-03
   102.099998       7.12670386E-03
   102.200005       7.89757725E-03
   102.300003       8.36278684E-03
   102.400002       8.45535658E-03
   102.500000       8.18300992E-03
   102.599998       7.61750620E-03
   102.700005       6.86823484E-03
   102.800003       6.04993571E-03
   102.900002       5.25457505E-03
   103.000000       4.53571836E-03
   103.099998       3.90817877E-03
   103.200005       3.36125842E-03
   103.300003       2.87858071E-03
   103.400002       2.45529832E-03
   103.500000       2.10518180E-03
   103.599998       1.85513846E-03
   103.700005       1.73090852E-03
   103.800003       1.74163841E-03
   103.900002       1.87083287E-03
   104.000000       2.07748590E-03
   104.099998       2.30589369E-03
   104.200005       2.49964232E-03
   104.300003       2.61485833E-03
   104.400002       2.62979139E-03
   104.500000       2.54956097E-03
   104.599998       2.40577199E-03
   104.700005       2.25009699E-03
   104.800003       2.14140303E-03
   104.900002       2.12783739E-03
   105.000000       2.22858484E-03
   105.099998       2.42296793E-03
   105.200005       2.65367329E-03
   105.300003       2.84565729E-03
   105.400002       2.93427496E-03
   105.500000       2.89085065E-03
   105.599998       2.73491931E-03
   105.700005       2.52931798E-03
   105.800003       2.36225990E-03
   105.900002       2.32473016E-03
   106.000000       2.48984178E-03
   106.099998       2.89664511E-03
   106.200005       3.53815453E-03
   106.300003       4.35479078E-03
   106.400002       5.23792161E-03
   106.500000       6.04809960E-03
   106.599998       6.64712861E-03
   106.700005       6.93435827E-03
   106.800003       6.87319692E-03
   106.900002       6.49710651E-03
   107.000000       5.89406025E-03
   107.099998       5.17759519E-03
   107.200005       4.45646653E-03
   107.300003       3.81309493E-03
   107.400002       3.29529122E-03
   107.500000       2.91984389E-03
   107.599998       2.68227560E-03
   107.700005       2.56630941E-03
   107.800003       2.54937960E-03
   107.900002       2.60504172E-03
   108.000000       2.70570163E-03
   108.099998       2.82736449E-03
   108.200005       2.95462669E-03
   108.300003       3.08150309E-03
   108.400002       3.20660789E-03
   108.500000       3.32529005E-03
   108.599998       3.42459138E-03
   108.700005       3.48488055E-03
   108.800003       3.48796789E-03
   108.900002       3.42676789E-03
   109.000000       3.31134256E-03
   109.099998       3.16747092E-03
   109.200005       3.02859466E-03
   109.300003       2.92468071E-03
   109.400002       2.87391036E-03
   109.500000       2.88166106E-03
   109.599998       2.94810627E-03
   109.700005       3.08014220E-03
   109.800003       3.29889776E-03
   109.900002       3.63493338E-03
   110.000000       4.11016215E-03
   110.099998       4.71693650E-03
   110.200005       5.41055016E-03
   110.300003       6.12446154E-03
   110.400002       6.80021988E-03
   110.500000       7.40983617E-03
   110.599998       7.95215275E-03
   110.700005       8.42537731E-03
   110.800003       8.79851729E-03
   110.900002       9.00713913E-03
   111.000000       8.98022018E-03
   111.099998       8.68123397E-03
   111.200005       8.13623145E-03
   111.300003       7.43121747E-03
   111.400002       6.68116380E-03
   111.500000       5.98900579E-03
   111.599998       5.41533763E-03
   111.700005       4.97030653E-03
   111.800003       4.62634722E-03
   111.900002       4.34182072E-03
   112.000000       4.08472540E-03
   112.099998       3.84961022E-03
   112.200005       3.66494572E-03
   112.300003       3.58862570E-03
   112.400002       3.68966023E-03
   112.500000       4.01695259E-03
   112.599998       4.56484035E-03
   112.700005       5.25359530E-03
   112.800003       5.94173651E-03
   112.900002       6.47157477E-03
   113.000000       6.72765635E-03
   113.099998       6.67680986E-03
   113.200005       6.36861660E-03
   113.300003       5.90029638E-03
   113.400002       5.37111890E-03
   113.500000       4.85331751E-03
   113.599998       4.38982574E-03
   113.700005       4.00863821E-03
   113.800003       3.73475603E-03
   113.900002       3.58787877E-03
   114.000000       3.56908375E-03
   114.099998       3.65008949E-03
   114.200005       3.77682503E-03
   114.300003       3.88817256E-03
   114.400002       3.93999461E-03
   114.500000       3.92167736E-03
   114.599998       3.85825010E-03
   114.700005       3.79936025E-03
   114.800003       3.80141754E-03
   114.900002       3.90863465E-03
   115.000000       4.13652323E-03
   115.099998       4.46160138E-03
   115.200005       4.82200691E-03
   115.300003       5.13260718E-03
   115.400002       5.31207537E-03
   115.500000       5.31137921E-03
   115.599998       5.13161067E-03
   115.700005       4.82275197E-03
   115.800003       4.46500210E-03
   115.900002       4.14160686E-03
   116.000000       3.91429337E-03
   116.099998       3.81031982E-03
   116.200005       3.82424193E-03
   116.300003       3.93137382E-03
   116.400002       4.10433952E-03
   116.500000       4.32357145E-03
   116.599998       4.57696803E-03
   116.700005       4.85167652E-03
   116.800003       5.12655312E-03
   116.900002       5.37308911E-03
   117.000000       5.56649640E-03
   117.099998       5.70111535E-03
   117.200005       5.79963718E-03
   117.300003       5.90645242E-03
   117.400002       6.06153393E-03
   117.500000       6.26239413E-03
   117.599998       6.43431116E-03
   117.700005       6.43444434E-03
   117.800003       6.10342715E-03
   117.900002       5.34831919E-03
   118.000000       4.21199063E-03
   118.099998       2.88148224E-03
   118.200005       1.62165368E-03
   118.300003       6.68409630E-04
   118.400002       1.41370110E-04
   118.500000       1.99613714E-05
   118.599998       1.84462551E-04
   118.700005       4.88029909E-04
   118.800003       8.19223293E-04
   118.900002       1.13247405E-03
   119.000000       1.44630810E-03
   119.099998       1.82155590E-03
   119.200005       2.33058911E-03
   119.300003       3.02393921E-03
   119.400002       3.90104018E-03
   119.500000       4.89575416E-03
   119.599998       5.88796986E-03
   119.700005       6.74261479E-03
   119.800003       7.35908095E-03
   119.900002       7.70110404E-03
   120.000000       7.78352935E-03
   120.099998       7.62066757E-03
   120.200005       7.17377570E-03
   120.300003       6.34614471E-03
   120.400002       5.04623912E-03
   120.500000       3.28670954E-03
   120.599998       1.25087809E-03
   120.700005      -7.26484461E-04
   120.800003      -2.25624489E-03
   120.900002      -3.00456723E-03
   121.000000      -2.74537085E-03
   121.099998      -1.33975467E-03
   121.200005       1.30685873E-03
   121.300003       5.23630064E-03
   121.400002       1.03490688E-02
   121.500000       1.62873939E-02
   121.599998       2.23934092E-02
   121.700005       2.78183911E-02
   121.800003       3.17602046E-02
   121.900002       3.37125212E-02
   122.000000       3.35950851E-02
   122.099998       3.17123011E-02
   122.200005       2.85914391E-02
   122.300003       2.48013586E-02
   122.400002       2.08282564E-02
   122.500000       1.70259699E-02
   122.599998       1.36160618E-02
   122.700005       1.07067348E-02
   122.800003       8.31454247E-03
   122.900002       6.38812082E-03
   123.000000       4.83822683E-03
   123.100006       3.57455434E-03
   123.199997       2.54316931E-03
   123.300003       1.75588089E-03
   123.400009       1.30711240E-03
   123.500000       1.37918454E-03
   123.600006       2.23490689E-03
   123.699997       4.18325840E-03
   123.800003       7.49544986E-03
   123.900009       1.22650610E-02
   124.000000       1.82539821E-02
   124.100006       2.48135477E-02
   124.199997       3.09679024E-02
   124.300003       3.56699415E-02
   124.400009       3.81308831E-02
   124.500000       3.80657166E-02
   124.600006       3.57399918E-02
   124.699997       3.18175405E-02
   124.800003       2.71086190E-02
   124.900009       2.23407503E-02
   125.000000       1.80278178E-02
   125.100006       1.44450348E-02
   125.199997       1.16735185E-02
   125.300003       9.66714602E-03
   125.400009       8.30793194E-03
   125.500000       7.43943825E-03
   125.600006       6.88745547E-03
   125.699997       6.48288988E-03
   125.800003       6.09081471E-03
   125.900009       5.63423987E-03
   126.000000       5.09776827E-03
   126.100006       4.50935634E-03
   126.199997       3.91446473E-03
   126.300003       3.35913827E-03
   126.400009       2.88467621E-03
   126.500000       2.52254331E-03
   126.600006       2.27876031E-03
   126.699997       2.11364380E-03
   126.800003       1.93709566E-03
   126.900009       1.63603108E-03
   127.000000       1.12837937E-03
   127.100006       4.14820068E-04
   127.199997      -4.04917373E-04
   127.300003      -1.16478279E-03
   127.400009      -1.69780012E-03
   127.500000      -1.89875276E-03
   127.600006      -1.75274233E-03
   127.699997      -1.32054975E-03
   127.800003      -6.96452451E-04
   127.900009       3.35937875E-05
   128.000000       8.12178594E-04
   128.100006       1.60409417E-03
   128.199997       2.37561110E-03
   128.300003       3.07635986E-03
   128.400009       3.63572361E-03
   128.500000       3.97594227E-03
   128.600006       4.03572433E-03
   128.699997       3.79543612E-03
   128.800003       3.29421973E-03
   128.900009       2.62999651E-03
   129.000000       1.93647388E-03
   129.100006       1.34006597E-03
   129.199997       9.12610907E-04
   129.300003       6.44027954E-04
   129.400009       4.53222950E-04
   129.500000       2.34623265E-04
   129.600006      -8.42948793E-05
   129.699997      -5.06323355E-04
   129.800003      -9.66378604E-04
   129.900009      -1.36511796E-03
   130.000000      -1.61075743E-03
   130.100006      -1.64683186E-03
   130.199997      -1.45828840E-03
   130.300003      -1.06364035E-03
   130.400009      -5.05525735E-04
   130.500000       1.53052999E-04
   130.600006       8.28998978E-04
   130.699997       1.42346462E-03
   130.800003       1.83612516E-03
   130.900009       1.98852923E-03
   131.000000       1.84834294E-03
   131.100006       1.44336652E-03
   131.199997       8.57147679E-04
   131.300003       2.05839911E-04
   131.400009      -3.95566516E-04
   131.500000      -8.64565081E-04
   131.600006      -1.16817991E-03
   131.699997      -1.32081332E-03
   131.800003      -1.36655266E-03
   131.900009      -1.35526399E-03
   132.000000      -1.32240099E-03
   132.100006      -1.27791485E-03
   132.199997      -1.20456098E-03
   132.300003      -1.06324255E-03
   132.400009      -8.03804724E-04
   132.500000      -3.81667167E-04
   132.600006       2.20907532E-04
   132.699997       9.75647999E-04
   132.800003       1.80275273E-03
   132.900009       2.58785416E-03
   133.000000       3.21775954E-03
   133.100006       3.61798750E-03
   133.199997       3.77134560E-03
   133.300003       3.70886223E-03
   133.400009       3.48242582E-03
   133.500000       3.13953729E-03
   133.600006       2.71564769E-03
   133.699997       2.24407786E-03
   133.800003       1.76994922E-03
   133.900009       1.35299144E-03
   134.000000       1.05378171E-03
   134.100006       9.10889357E-04
   134.199997       9.23176762E-04
   134.300003       1.04816735E-03
   134.400009       1.21772080E-03
   134.500000       1.36298151E-03
   134.600006       1.43652945E-03
   134.699997       1.42293074E-03
   134.800003       1.33535999E-03
   134.900009       1.20241183E-03
   135.000000       1.05203956E-03
   135.100006       8.99105740E-04
   135.199997       7.40753370E-04
   135.300003       5.60897228E-04
   135.400009       3.42565763E-04
   135.500000       8.29253986E-05
   135.600006      -1.96619221E-04
   135.699997      -4.52270469E-04
   135.800003      -6.32437528E-04
   135.900009      -6.97237323E-04
   136.000000      -6.30366558E-04
   136.100006      -4.34725138E-04
   136.199997      -1.14621362E-04
   136.300003       3.41948762E-04
   136.400009       9.65700834E-04
   136.500000       1.78816286E-03
   136.600006       2.81361281E-03
   136.699997       3.99981998E-03
   136.800003       5.26149990E-03
   136.900009       6.49409648E-03
   137.000000       7.60104042E-03
   137.100006       8.50685406E-03
   137.199997       9.15184245E-03
   137.300003       9.47984308E-03
   137.400009       9.43552610E-03
   137.500000       8.97882972E-03
   137.600006       8.10991228E-03
   137.699997       6.88918866E-03
   137.800003       5.43849031E-03
   137.900009       3.91923171E-03
   138.000000       2.49502738E-03
   138.100006       1.29440613E-03
   138.199997       3.89220018E-04
   138.300003      -2.03864838E-04
   138.400009      -5.03634801E-04
   138.500000      -5.40140085E-04
   138.600006      -3.39779945E-04
   138.699997       7.44078061E-05
   138.800003       6.71825779E-04
   138.900009       1.40296808E-03
   139.000000       2.19625537E-03
   139.100006       2.96539511E-03
   139.199997       3.62355844E-03
   139.300003       4.09842888E-03
   139.400009       4.34381468E-03
   139.500000       4.34605870E-03
   139.600006       4.12447238E-03
   139.699997       3.72516271E-03
   139.800003       3.20829498E-03
   139.900009       2.63138674E-03
   140.000000       2.03451281E-03
   140.100006       1.43423188E-03
   140.199997       8.30082688E-04
   140.300003       2.20845570E-04
   140.400009      -3.78511031E-04
   140.500000      -9.29750910E-04
   140.600006      -1.37921213E-03
   140.699997      -1.67667493E-03
   140.800003      -1.79441948E-03
   140.900009      -1.73594104E-03
   141.000000      -1.53016299E-03
   141.100006      -1.21467630E-03
   141.199997      -8.17087421E-04
   141.300003      -3.44031490E-04
   141.400009       2.15457432E-04
   141.500000       8.72451055E-04
   141.600006       1.61427585E-03
   141.699997       2.38750293E-03
   141.800003       3.09942104E-03
   141.900009       3.64067079E-03
   142.000000       3.91998282E-03
   142.100006       3.89461359E-03
   142.199997       3.58261541E-03
   142.300003       3.05273198E-03
   142.400009       2.39907810E-03
   142.500000       1.71318115E-03
   142.600006       1.06482091E-03
   142.699997       4.96513094E-04
   142.800003       2.95248174E-05
   142.900009      -3.24913184E-04
   143.000000      -5.56543935E-04
   143.100006      -6.53618597E-04
   143.199997      -6.07624475E-04
   143.300003      -4.21722507E-04
   143.400009      -1.17351155E-04
   143.500000       2.65160401E-04
   143.600006       6.72788126E-04
   143.699997       1.04970823E-03
   143.800003       1.34698988E-03
   143.900009       1.52951712E-03
   144.000000       1.58038444E-03
   144.100006       1.50371937E-03
   144.199997       1.32553256E-03
   144.300003       1.09063415E-03
   144.400009       8.53803940E-04
   144.500000       6.65928295E-04
   144.600006       5.58877597E-04
   144.699997       5.34706691E-04
   144.800003       5.63424954E-04
   144.900009       5.91088668E-04
   145.000000       5.56568499E-04
   145.100006       4.12774360E-04
   145.199997       1.45927013E-04
   145.300003      -2.13958148E-04
   145.400009      -5.96307334E-04
   145.500000      -9.06855566E-04
   145.600006      -1.05243747E-03
   145.699997      -9.65230400E-04
   145.800003      -6.19359314E-04
   145.900009      -3.70803173E-05
   146.000000       7.15111441E-04
   146.100006       1.53880357E-03
   146.199997       2.32258509E-03
   146.300003       2.96472711E-03
   146.400009       3.39407334E-03
   146.500000       3.58274393E-03
   146.600006       3.54637718E-03
   146.699997       3.33267311E-03
   146.800003       3.00383940E-03
   146.900009       2.62027560E-03
   147.000000       2.23065470E-03
   147.100006       1.86931691E-03
   147.199997       1.55801827E-03
   147.300003       1.30813126E-03
   147.400009       1.12065277E-03
   147.500000       9.85121937E-04
   147.600006       8.80492735E-04
   147.699997       7.81341572E-04
   147.800003       6.69050787E-04
   147.900009       5.43311588E-04
   148.000000       4.27010207E-04
   148.100006       3.60226579E-04
   148.199997       3.85454623E-04
   148.300003       5.32506499E-04
   148.400009       8.11750419E-04
   148.500000       1.21846586E-03
   148.600006       1.74322841E-03
   148.699997       2.37980345E-03
   148.800003       3.12543940E-03
   148.900009       3.97519954E-03
   149.000000       4.91548842E-03
   149.100006       5.91954775E-03
   149.199997       6.94376044E-03
   149.300003       7.92357977E-03
   149.400009       8.77298415E-03
   149.500000       9.39479191E-03
   149.600006       9.70478356E-03
   149.699997       9.66196321E-03
   149.800003       9.28958040E-03
   149.900009       8.67426489E-03
   150.000000       7.94285908E-03
   150.100006       7.22797075E-03
   150.199997       6.63707312E-03
   150.300003       6.23406749E-03
   150.400009       6.03438122E-03
   150.500000       6.00980548E-03
   150.600006       6.09917333E-03
   150.699997       6.22343970E-03
   150.800003       6.30338117E-03
   150.900009       6.27619214E-03
   151.000000       6.10601669E-03
   151.100006       5.78558631E-03
   151.199997       5.33064362E-03
   151.300003       4.77191154E-03
   151.400009       4.14872495E-03
   151.500000       3.50486138E-03
   151.600006       2.88459845E-03
   151.699997       2.32759584E-03
   151.800003       1.86372374E-03
   151.900009       1.51038263E-03
   152.000000       1.27342460E-03
   152.100006       1.15012273E-03
   152.199997       1.13118219E-03
   152.300003       1.19982183E-03
   152.400009       1.32904062E-03
   152.500000       1.48035644E-03
   152.600006       1.60756614E-03
   152.699997       1.66680489E-03
   152.800003       1.63039053E-03
   152.900009       1.49881141E-03
   153.000000       1.30453717E-03
   153.100006       1.10414252E-03
   153.199997       9.60208767E-04
   153.300003       9.19935061E-04
   153.400009       9.99048352E-04
   153.500000       1.17798091E-03
   153.600006       1.41114322E-03
   153.699997       1.64496573E-03
   153.800003       1.83561561E-03
   153.900009       1.95947429E-03
   154.000000       2.01294618E-03
   154.100006       2.00523250E-03
   154.199997       1.95016433E-03
   154.300003       1.86296995E-03
   154.400009       1.76335149E-03
   154.500000       1.68109208E-03
   154.600006       1.65775535E-03
   154.699997       1.73963711E-03
   154.800003       1.96191389E-03
   154.900009       2.32999702E-03
   155.000000       2.80766701E-03
   155.100006       3.32012586E-03
   155.199997       3.77363083E-03
   155.300003       4.08484042E-03
   155.400009       4.20765392E-03
   155.500000       4.14633192E-03
   155.600006       3.95019632E-03
   155.699997       3.69358622E-03
   155.800003       3.45019414E-03
   155.900009       3.27186007E-03
   156.000000       3.17864818E-03
   156.100006       3.16243526E-03
   156.199997       3.20120296E-03
   156.300003       3.27810133E-03
   156.400009       3.39732016E-03
   156.500000       3.58840730E-03
   156.600006       3.89272114E-03
   156.699997       4.33215825E-03
   156.800003       4.87162545E-03
   156.900009       5.39688347E-03
   157.000000       5.72949089E-03
   157.100006       5.68407774E-03
   157.199997       5.14652999E-03
   157.300003       4.13288595E-03
   157.400009       2.79472349E-03
   157.500000       1.36613287E-03
   157.600006       8.04790034E-05
   157.699997      -9.01232008E-04
   157.800003      -1.52090460E-03
   157.900009      -1.81033870E-03
   158.000000      -1.85309036E-03
   158.100006      -1.74469606E-03
   158.199997      -1.56593916E-03
   158.300003      -1.37164595E-03
   158.400009      -1.18997507E-03
   158.500000      -1.02636567E-03
   158.600006      -8.68832460E-04
   158.699997      -6.94277813E-04
   158.800003      -4.76030400E-04
   158.900009      -1.92460982E-04
   159.000000       1.64449229E-04
   159.100006       5.82367007E-04
   159.199997       1.02538965E-03
   159.300003       1.43572455E-03
   159.400009       1.74163480E-03
   159.500000       1.87235128E-03
   159.600006       1.77863694E-03
   159.699997       1.45355251E-03
   159.800003       9.44999920E-04
   159.900009       3.54254851E-04
   160.000000      -1.76762987E-04
   160.100006      -4.76405316E-04
   160.199997      -3.41167382E-04
   160.300003       4.77248395E-04
   160.400009       2.27137841E-03
   160.500000       5.33126388E-03
   160.600006       9.83851030E-03
   160.699997       1.57313272E-02
   160.800003       2.26112362E-02
   160.900009       2.97621544E-02
   161.000000       3.63023579E-02
   161.100006       4.14152369E-02
   161.199997       4.45592776E-02
   161.300003       4.55716811E-02
   161.400009       4.46414128E-02
   161.500000       4.21907753E-02
   161.600006       3.87322828E-02
   161.699997       3.47546525E-02
   161.800003       3.06590647E-02
   161.900009       2.67393347E-02
   162.000000       2.31871679E-02
   162.100006       2.01061387E-02
   162.199997       1.75265819E-02
   162.300003       1.54213309E-02
   162.400009       1.37245171E-02
   162.500000       1.23527255E-02
   162.600006       1.12239290E-02
   162.699997       1.02693550E-02
   162.800003       9.43756290E-03
   162.900009       8.69401917E-03
   163.000000       8.01996887E-03
   163.100006       7.41103292E-03
   163.199997       6.87322672E-03
   163.300003       6.41425420E-03
   163.400009       6.03144150E-03
   163.500000       5.70045598E-03
   163.600006       5.36979595E-03
   163.699997       4.96371649E-03
   163.800003       4.39374801E-03
   163.900009       3.57774436E-03
   164.000000       2.46451469E-03
   164.100006       1.05936406E-03
   164.199997      -5.58730273E-04
   164.300003      -2.23996537E-03
   164.400009      -3.79271759E-03
   164.500000      -5.03266696E-03
   164.600006      -5.83345070E-03
   164.699997      -6.15750160E-03
   164.800003      -6.05501886E-03
   164.900009      -5.63498819E-03
   165.000000      -5.02445968E-03
   165.100006      -4.33434546E-03
   165.199997      -3.64245358E-03
   165.300003      -2.99316039E-03
   165.400009      -2.40590330E-03
   165.500000      -1.88463123E-03
   165.600006      -1.42568385E-03
   165.699997      -1.02594378E-03
   165.800003      -6.92590256E-04
   165.900009      -4.50668565E-04
   166.000000      -3.41400621E-04
   166.100006      -4.07189043E-04
   166.199997      -6.67965156E-04
   166.300003      -1.10120152E-03
   166.400009      -1.63799478E-03
   166.500000      -2.17845710E-03
   166.600006      -2.61946861E-03
   166.699997      -2.88136816E-03
   166.800003      -2.92373239E-03
   166.900009      -2.74806703E-03
   167.000000      -2.39297282E-03
   167.100006      -1.92934368E-03
   167.199997      -1.45902450E-03
   167.300003      -1.11288531E-03
   167.400009      -1.03902689E-03
   167.500000      -1.37334783E-03
   167.600006      -2.19476735E-03
   167.699997      -3.48107889E-03
   167.800003      -5.08916192E-03
   167.900009      -6.77663134E-03
   168.000000      -8.26251600E-03
   168.100006      -9.30372719E-03
   168.199997      -9.75619815E-03
   168.300003      -9.59923305E-03
   168.400009      -8.92090425E-03
   168.500000      -7.87862577E-03
   168.600006      -6.65373402E-03
   168.699997      -5.41391224E-03
   168.800003      -4.28926898E-03
   168.900009      -3.36227124E-03
   169.000000      -2.66938424E-03
   169.100006      -2.21111812E-03
   169.199997      -1.96589530E-03
   169.300003      -1.90220762E-03
   169.400009      -1.98500208E-03
   169.500000      -2.17554579E-03
   169.600006      -2.42830883E-03
   169.699997      -2.69022328E-03
   169.800003      -2.90602446E-03
   169.900009      -3.02964309E-03
   170.000000      -3.03703221E-03
   170.100006      -2.93465215E-03
   170.199997      -2.75935070E-03
   170.300003      -2.56859441E-03
   170.400009      -2.42405874E-03
   170.500000      -2.37271725E-03
   170.600006      -2.43033329E-03
   170.699997      -2.57097231E-03
   170.800003      -2.72515113E-03
   170.900009      -2.78814370E-03
   171.000000      -2.63883686E-03
   171.100006      -2.16754363E-03
   171.199997      -1.30819459E-03
   171.300003      -6.63843457E-05
   171.400009       1.46794540E-03
   171.500000       3.13208206E-03
   171.600006       4.72675916E-03
   171.699997       6.06561359E-03
   171.800003       7.01903366E-03
   171.900009       7.53636379E-03
   172.000000       7.64160790E-03
   172.100006       7.41038844E-03
   172.199997       6.94175623E-03
   172.300003       6.33610180E-03
   172.400009       5.68343559E-03
   172.500000       5.05994633E-03
   172.600006       4.52765962E-03
   172.699997       4.13253251E-03
   172.800003       3.89893353E-03
   172.900009       3.82338930E-03
   173.000000       3.87255452E-03
   173.100006       3.99020128E-03
   173.199997       4.11273865E-03
   173.300003       4.18752525E-03
   173.400009       4.18570777E-03
   173.500000       4.10402566E-03
   173.600006       3.95605713E-03
   173.699997       3.75832943E-03
   173.800003       3.51842213E-03
   173.900009       3.23032611E-03
   174.000000       2.87863566E-03
   174.100006       2.44967756E-03
   174.199997       1.94499211E-03
   174.300003       1.39140640E-03
   174.400009       8.42388836E-04
   174.500000       3.68125679E-04
   174.600006       3.65354936E-05
   174.699997      -1.08238419E-04
   174.800003      -6.07069705E-05
   174.900009       1.44361664E-04
   175.000000       4.44407779E-04
   175.100006       7.70109938E-04
   175.199997       1.06568378E-03
   175.300003       1.30069326E-03
   175.400009       1.47056393E-03
   175.500000       1.58831815E-03
   175.600006       1.67279516E-03
   175.699997       1.73838122E-03
   175.800003       1.78908987E-03
   175.900009       1.81798823E-03
   176.000000       1.81140669E-03
   176.100006       1.75633095E-03
   176.199997       1.64779660E-03
   176.300003       1.49232673E-03
   176.400009       1.30459899E-03
   176.500000       1.09792617E-03
   176.600006       8.73647979E-04
   176.699997       6.16651261E-04
   176.800003       3.02102999E-04
   176.900009      -8.74316902E-05
   177.000000      -5.41971589E-04
   177.100006      -1.01206114E-03
   177.199997      -1.41298049E-03
   177.300003      -1.64612150E-03
   177.400009      -1.62991823E-03
   177.500000      -1.32788543E-03
   177.600006      -7.62634561E-04
   177.699997      -1.13495844E-05
   177.800003       8.14082159E-04
   177.900009       1.59435812E-03
   178.000000       2.22893548E-03
   178.100006       2.65474804E-03
   178.199997       2.85394304E-03
   178.300003       2.84961308E-03
   178.400009       2.69139418E-03
   178.500000       2.43618013E-03
   178.600006       2.13117804E-03
   178.699997       1.80549780E-03
   178.800003       1.47199491E-03
   178.900009       1.13605778E-03
   179.000000       8.05455144E-04
   179.100006       4.95992135E-04
   179.199997       2.31414873E-04
   179.300003       3.84760824E-05
   179.400009      -5.98325096E-05
   179.500000      -5.06570541E-05
   179.600006       6.47063862E-05
   179.699997       2.69969634E-04
   179.800003       5.36617357E-04
   179.900009       8.29823548E-04
   180.000000       1.11568614E-03
   180.100006       1.36718107E-03
   180.199997       1.56654394E-03
   180.300003       1.70330983E-03
   180.400009       1.77007506E-03
   180.500000       1.75919570E-03
   180.600006       1.66337355E-03
   180.699997       1.48040126E-03
   180.800003       1.21967704E-03
   180.900009       9.07053181E-04
   181.000000       5.85311966E-04
   181.100006       3.10000789E-04
   181.199997       1.42628254E-04
   181.300003       1.43587895E-04
   181.400009       3.65904561E-04
   181.500000       8.48487543E-04
   181.600006       1.60706474E-03
   181.699997       2.62303557E-03
   181.800003       3.83474515E-03
   181.900009       5.13818348E-03
   182.000000       6.40174747E-03
   182.100006       7.49283098E-03
   182.199997       8.30698851E-03
   182.300003       8.78857914E-03
   182.400009       8.93593580E-03
   182.500000       8.79156869E-03
   182.600006       8.42391420E-03
   182.699997       7.90854823E-03
   182.800003       7.31448131E-03
   182.900009       6.69692643E-03
   183.000000       6.09480683E-03
   183.100006       5.53048449E-03
   183.199997       5.01042465E-03
   183.300003       4.52765170E-03
   183.400009       4.06726962E-03
   183.500000       3.61503451E-03
   183.600006       3.16622085E-03
   183.699997       2.73091067E-03
   183.800003       2.33278214E-03
   183.900009       2.00155936E-03
   184.000000       1.76231854E-03
   184.100006       1.62610575E-03
   184.199997       1.58522581E-03
   184.300003       1.61446619E-03
   184.400009       1.67750800E-03
   184.500000       1.73623022E-03
   184.600006       1.76041329E-03
   184.699997       1.73507899E-03
   184.800003       1.66328461E-03
   184.900009       1.56331086E-03
   185.000000       1.46090181E-03
   185.100006       1.37922331E-03
   185.199997       1.33046065E-03
   185.300003       1.31259533E-03
   185.400009       1.31259416E-03
   185.500000       1.31446414E-03
   185.600006       1.30794034E-03
   185.699997       1.29381882E-03
   185.800003       1.28379965E-03
   185.900009       1.29600533E-03
   186.000000       1.34915323E-03
   186.100006       1.45826489E-03
   186.199997       1.63285737E-03
   186.300003       1.87650626E-03
   186.400009       2.18593958E-03
   186.500000       2.54913280E-03
   186.600006       2.94328691E-03
   186.699997       3.33487941E-03
   186.800003       3.68324225E-03
   186.900009       3.94742005E-03
   187.000000       4.09451127E-03
   187.100006       4.10690671E-03
   187.199997       3.98642104E-03
   187.300003       3.75413289E-03
   187.400009       3.44608771E-03
   187.500000       3.10577475E-03
   187.600006       2.77516898E-03
   187.699997       2.48623267E-03
   187.800003       2.25488818E-03
   187.900009       2.07928475E-03
   188.000000       1.94343366E-03
   188.100006       1.82582659E-03
   188.199997       1.71029218E-03
   188.300003       1.59463449E-03
   188.400009       1.49279460E-03
   188.500000       1.42913708E-03
   188.600006       1.42738118E-03
   188.699997       1.49926590E-03
   188.800003       1.63811701E-03
   188.900009       1.81973039E-03
   189.000000       2.00962438E-03
   189.100006       2.17325334E-03
   189.199997       2.28497759E-03
   189.300003       2.33296212E-03
   189.400009       2.31901556E-03
   189.500000       2.25439994E-03
   189.600006       2.15403270E-03
   189.699997       2.03147950E-03
   189.800003       1.89653889E-03
   189.900009       1.75588811E-03
   190.000000       1.61576841E-03
   190.100006       1.48470968E-03
   190.199997       1.37422909E-03
   190.300003       1.29690091E-03
   190.400009       1.26300892E-03
   190.500000       1.27827690E-03
   190.600006       1.34453573E-03
   190.699997       1.46300590E-03
   190.800003       1.63763133E-03
   190.900009       1.87526271E-03
   191.000000       2.18163384E-03
   191.100006       2.55563483E-03
   191.199997       2.98663042E-03
   191.300003       3.45830107E-03
   191.400009       3.95763014E-03
   191.500000       4.48271260E-03
   191.600006       5.04214410E-03
   191.699997       5.64339757E-03
   191.800003       6.27574138E-03
   191.900009       6.89826068E-03
   192.000000       7.44203199E-03
   192.100006       7.82749802E-03
   192.199997       7.98923429E-03
   192.300003       7.89683405E-03
   192.400009       7.56314117E-03
   192.500000       7.03879260E-03
   192.600006       6.39725756E-03
   192.699997       5.71732316E-03
   192.800003       5.06830495E-03
   192.900009       4.50062985E-03
   193.000000       4.04195860E-03
   193.100006       3.69773759E-03
   193.199997       3.45467729E-03
   193.300003       3.28620616E-03
   193.400009       3.15904012E-03
   193.500000       3.04016867E-03
   193.600006       2.90319812E-03
   193.699997       2.73297448E-03
   193.800003       2.52747256E-03
   193.900009       2.29673740E-03
   194.000000       2.05918727E-03
   194.100006       1.83612015E-03
   194.199997       1.64569181E-03
   194.300003       1.49788230E-03
   194.400009       1.39205821E-03
   194.500000       1.31812866E-03
   194.600006       1.26119365E-03
   194.699997       1.20803143E-03
   194.800003       1.15293683E-03
   194.900009       1.10066740E-03
   195.000000       1.06558762E-03
   195.100006       1.06779067E-03
   195.199997       1.12799788E-03
   195.300003       1.26295199E-03
   195.400009       1.48170302E-03
   195.500000       1.78234512E-03
   195.600006       2.14911252E-03
   195.699997       2.55093328E-03
   195.800003       2.94360123E-03
   195.900009       3.27706314E-03
   196.000000       3.50668887E-03
   196.100006       3.60465283E-03
   196.199997       3.56662320E-03
   196.300003       3.41095449E-03
   196.400009       3.17138107E-03
   196.500000       2.88682571E-03
   196.600006       2.59246794E-03
   196.699997       2.31441576E-03
   196.800003       2.06812657E-03
   196.900009       1.85940589E-03
   197.000000       1.68708153E-03
   197.100006       1.54647289E-03
   197.199997       1.43324398E-03
   197.300003       1.34638499E-03
   197.400009       1.28887733E-03
   197.500000       1.26516144E-03
   197.600006       1.27603707E-03
   197.699997       1.31354644E-03
   197.800003       1.35909172E-03
   197.900009       1.38701813E-03
   198.000000       1.37320475E-03
   198.100006       1.30493240E-03
   198.199997       1.18685351E-03
   198.300003       1.03919697E-03
   198.400009       8.88815382E-04
   198.500000       7.57257221E-04
   198.600006       6.52321673E-04
   198.699997       5.66919625E-04
   198.800003       4.85194207E-04
   198.900009       3.92183661E-04
   199.000000       2.82058405E-04
   199.100006       1.61554359E-04
   199.199997       4.79059781E-05
   199.300003      -3.70719499E-05
   199.400009      -7.37436858E-05
   199.500000      -4.96838475E-05
   199.600006       3.89682064E-05
   199.699997       1.90034218E-04
