2.618154943048430106e+00 6.748538470593103966e-01
2.625249978262758965e+00 -6.330024456912326514e-01
3.483749239196590963e+00 -1.417716221341564165e+00
3.483749239196590963e+00 -5.995213245968500360e+00
3.185757760194765531e+00 -1.541177855377249273e+01
3.449583000000000066e+00 -2.146399999999999864e+01
3.702996999999999872e+00 -2.267099999999999937e+01
3.702996999999999872e+00 -2.458099999999999952e+01
3.702996999999999872e+00 -2.649200000000000088e+01
3.702996999999999872e+00 -2.840200000000000102e+01
3.702996999999999872e+00 -3.046999999999999886e+01
3.918388999999999900e+00 -3.222299999999999898e+01
3.918388999999999900e+00 -3.413400000000000034e+01
3.918388999999999900e+00 -3.752600000000000335e+01
4.524000000000000021e+00 -3.986500000000000199e+01
4.517999999999999794e+00 -4.273100000000000165e+01
4.517999999999999794e+00 -4.559700000000000131e+01
4.516000000000000014e+00 -4.846300000000000097e+01
4.517999999999999794e+00 -5.132900000000000063e+01
4.514000000000000234e+00 -5.419400000000000261e+01
4.506000000000000227e+00 -5.706000000000000227e+01
4.508000000000000007e+00 -5.992600000000000193e+01
4.504999999999999893e+00 -6.279200000000000159e+01
4.500000000000000000e+00 -6.565800000000000125e+01
4.493000000000000327e+00 -7.043399999999999750e+01
4.485000000000000320e+00 -7.520999999999999375e+01
4.482999999999999652e+00 -7.998600000000000421e+01
4.472999999999999865e+00 -8.476300000000000523e+01
4.469000000000000306e+00 -8.953900000000000148e+01
4.463000000000000078e+00 -9.431499999999999773e+01
4.466999999999999638e+00 -9.699299999999999500e+01
4.439000000000000057e+00 -1.038719999999999999e+02
4.431000000000000050e+00 -1.085939999999999941e+02
4.427999999999999936e+00 -1.133139999999999930e+02
4.429000000000000270e+00 -1.181970000000000027e+02
4.426999999999999602e+00 -1.229729999999999990e+02
4.429000000000000270e+00 -1.277500000000000000e+02
4.426000000000000156e+00 -1.308590000000000089e+02
4.450000000000000178e+00 -1.373019999999999925e+02
4.453000000000000291e+00 -1.420790000000000077e+02
4.453999999999999737e+00 -1.468549999999999898e+02
4.610000000000000320e+00 -1.505589999999999975e+02
4.607000000000000206e+00 -1.564079999999999870e+02
4.608999999999999986e+00 -1.611839999999999975e+02
4.610000000000000320e+00 -1.659600000000000080e+02
4.613000000000000433e+00 -1.707369999999999948e+02
4.615999999999999659e+00 -1.755130000000000052e+02
4.618999999999999773e+00 -1.802889999999999873e+02
4.626000000000000334e+00 -1.850660000000000025e+02
4.626999999999999780e+00 -1.898420000000000130e+02
4.634999999999999787e+00 -1.946179999999999950e+02
4.636999999999999567e+00 -1.993950000000000102e+02
4.642000000000000348e+00 -2.041709999999999923e+02
4.644999999999999574e+00 -2.089470000000000027e+02
4.650000000000000355e+00 -2.137230000000000132e+02
4.652999999999999581e+00 -2.185000000000000000e+02
4.663000000000000256e+00 -2.280519999999999925e+02
4.671000000000000263e+00 -2.376049999999999898e+02
4.677999999999999936e+00 -2.471579999999999870e+02
4.687000000000000277e+00 -2.567099999999999795e+02
4.695999999999999730e+00 -2.662629999999999768e+02
4.705000000000000071e+00 -2.758159999999999741e+02
4.730000000000000426e+00 -2.853679999999999950e+02
4.732999999999999652e+00 -2.901449999999999818e+02
4.738999999999999879e+00 -2.949209999999999923e+02
4.738999999999999879e+00 -2.996970000000000027e+02
4.746000000000000441e+00 -3.044739999999999895e+02
4.751000000000000334e+00 -3.140260000000000105e+02
4.759000000000000341e+00 -3.235790000000000077e+02
4.766000000000000014e+00 -3.331320000000000050e+02
4.772999999999999687e+00 -3.426840000000000259e+02
4.778999999999999915e+00 -3.522370000000000232e+02
4.786999999999999922e+00 -3.617889999999999873e+02
4.791999999999999815e+00 -3.713419999999999845e+02
4.796999999999999709e+00 -3.808949999999999818e+02
5.094999999999999751e+00 -3.904470000000000027e+02
5.139999999999999680e+00 -4.000000000000000000e+02
0.000000000000000000e+00 -4.000000000000000000e+02
0.000000000000000000e+00 7.329999999999999849e-01
3.815603999999999996e+00 7.329999999999999849e-01
0.000000000000000000e+00 7.329999999999999849e-01
0.000000000000000000e+00 7.329999999999999849e-01
3.815603999999999996e+00 7.329999999999999849e-01
0.000000000000000000e+00 7.329999999999999849e-01
0.000000000000000000e+00 7.329999999999999849e-01
2.618154943048430106e+00 6.748538470593103966e-01
0.000000000000000000e+00 6.748538470593103966e-01
0.000000000000000000e+00 6.748538470593103966e-01
2.618154943048430106e+00 6.748538470593103966e-01
